# JRE version: OpenJDK Runtime Environment Temurin-17.0.13+11 (17.0.13+11) (build 17.0.13+11)
# Java VM: OpenJDK 64-Bit Server VM Temurin-17.0.13+11 (17.0.13+11, mixed mode, sharing, tiered, compressed oops, compressed class ptrs, g1 gc, windows-amd64)
GC Precious Log:
 CPUs: 12 total, 12 available
 Memory: 7563M
 Large Page Support: Disabled
 NUMA Support: Disabled
 Compressed Oops: Enabled (32-bit)
 Heap Region Size: 1M
 Heap Min Capacity: 8M
 Heap Initial Capacity: 120M
 Heap Max Capacity: 1892M
 Pre-touch: Disabled
 Parallel Workers: 10
 Concurrent Workers: 3
 Concurrent Refinement Workers: 10
 Periodic GC: Disabled
Heap:
 garbage-first heap   total 116736K, used 38984K [0x0000000089c00000, 0x0000000100000000)
  region size 1024K, 3 young (3072K), 1 survivors (1024K)
 Metaspace       used 39327K, committed 39552K, reserved 1114112K
  class space    used 4877K, committed 4992K, reserved 1048576K
GC Heap History (14 events):
Event: 1.587 GC heap before
{Heap before GC invocations=0 (full 0):
 garbage-first heap   total 122880K, used 27648K [0x0000000089c00000, 0x0000000100000000)
  region size 1024K, 23 young (23552K), 0 survivors (0K)
 Metaspace       used 7142K, committed 7296K, reserved 1114112K
  class space    used 749K, committed 832K, reserved 1048576K
}
Event: 1.607 GC heap after
{Heap after GC invocations=1 (full 0):
 garbage-first heap   total 122880K, used 7208K [0x0000000089c00000, 0x0000000100000000)
  region size 1024K, 3 young (3072K), 3 survivors (3072K)
 Metaspace       used 7142K, committed 7296K, reserved 1114112K
  class space    used 749K, committed 832K, reserved 1048576K
}
Event: 4.458 GC heap before
{Heap before GC invocations=1 (full 0):
 garbage-first heap   total 122880K, used 39976K [0x0000000089c00000, 0x0000000100000000)
  region size 1024K, 35 young (35840K), 3 survivors (3072K)
 Metaspace       used 15473K, committed 15680K, reserved 1114112K
  class space    used 2013K, committed 2112K, reserved 1048576K
}
Event: 4.471 GC heap after
{Heap after GC invocations=2 (full 0):
 garbage-first heap   total 122880K, used 9954K [0x0000000089c00000, 0x0000000100000000)
  region size 1024K, 3 young (3072K), 3 survivors (3072K)
 Metaspace       used 15473K, committed 15680K, reserved 1114112K
  class space    used 2013K, committed 2112K, reserved 1048576K
}
Event: 6.770 GC heap before
{Heap before GC invocations=2 (full 0):
 garbage-first heap   total 122880K, used 46818K [0x0000000089c00000, 0x0000000100000000)
  region size 1024K, 38 young (38912K), 3 survivors (3072K)
 Metaspace       used 21310K, committed 21504K, reserved 1114112K
  class space    used 2851K, committed 2944K, reserved 1048576K
}
Event: 6.790 GC heap after
{Heap after GC invocations=3 (full 0):
 garbage-first heap   total 122880K, used 15350K [0x0000000089c00000, 0x0000000100000000)
  region size 1024K, 9 young (9216K), 9 survivors (9216K)
 Metaspace       used 21310K, committed 21504K, reserved 1114112K
  class space    used 2851K, committed 2944K, reserved 1048576K
}
Event: 8.365 GC heap before
{Heap before GC invocations=4 (full 0):
 garbage-first heap   total 58368K, used 40950K [0x0000000089c00000, 0x0000000100000000)
  region size 1024K, 34 young (34816K), 9 survivors (9216K)
 Metaspace       used 26279K, committed 26496K, reserved 1114112K
  class space    used 3313K, committed 3392K, reserved 1048576K
}
Event: 8.385 GC heap after
{Heap after GC invocations=5 (full 0):
 garbage-first heap   total 58368K, used 18212K [0x0000000089c00000, 0x0000000100000000)
  region size 1024K, 3 young (3072K), 3 survivors (3072K)
 Metaspace       used 26279K, committed 26496K, reserved 1114112K
  class space    used 3313K, committed 3392K, reserved 1048576K
}
Event: 8.398 GC heap before
{Heap before GC invocations=5 (full 0):
 garbage-first heap   total 58368K, used 19236K [0x0000000089c00000, 0x0000000100000000)
  region size 1024K, 4 young (4096K), 3 survivors (3072K)
 Metaspace       used 26299K, committed 26496K, reserved 1114112K
  class space    used 3313K, committed 3392K, reserved 1048576K
}
Event: 8.406 GC heap after
{Heap after GC invocations=6 (full 0):
 garbage-first heap   total 58368K, used 19158K [0x0000000089c00000, 0x0000000100000000)
  region size 1024K, 1 young (1024K), 1 survivors (1024K)
 Metaspace       used 26299K, committed 26496K, reserved 1114112K
  class space    used 3313K, committed 3392K, reserved 1048576K
}
Event: 9.976 GC heap before
{Heap before GC invocations=6 (full 0):
 garbage-first heap   total 58368K, used 41686K [0x0000000089c00000, 0x0000000100000000)
  region size 1024K, 24 young (24576K), 1 survivors (1024K)
 Metaspace       used 29899K, committed 30080K, reserved 1114112K
  class space    used 3662K, committed 3776K, reserved 1048576K
}
Event: 9.993 GC heap after
{Heap after GC invocations=7 (full 0):
 garbage-first heap   total 116736K, used 23950K [0x0000000089c00000, 0x0000000100000000)
  region size 1024K, 3 young (3072K), 3 survivors (3072K)
 Metaspace       used 29899K, committed 30080K, reserved 1114112K
  class space    used 3662K, committed 3776K, reserved 1048576K
}
Event: 12.441 GC heap before
{Heap before GC invocations=7 (full 0):
 garbage-first heap   total 116736K, used 65934K [0x0000000089c00000, 0x0000000100000000)
  region size 1024K, 43 young (44032K), 3 survivors (3072K)
 Metaspace       used 35885K, committed 36096K, reserved 1114112K
  class space    used 4376K, committed 4480K, reserved 1048576K
}
Event: 12.475 GC heap after
{Heap after GC invocations=8 (full 0):
 garbage-first heap   total 116736K, used 33591K [0x0000000089c00000, 0x0000000100000000)
  region size 1024K, 7 young (7168K), 7 survivors (7168K)
 Metaspace       used 35885K, committed 36096K, reserved 1114112K
  class space    used 4376K, committed 4480K, reserved 1048576K
}

